<?xml version="1.0" encoding="UTF-8"?>
<!-- Generated by org.testng.reporters.JUnitXMLReporter -->
<testsuite hostname="DESKTOP-DAPEO3T" ignored="8" name="Default test" tests="3" failures="0" timestamp="20 Sep 2018 04:25:29 GMT" time="141.979" errors="0">
  <testcase name="validatecreatenewDeal" time="6.772" classname="com.testcases.HomePageTest"/>
  <testcase name="validatecreatenewDeal" time="6.256" classname="com.testcases.HomePageTest"/>
  <testcase name="validatecreatenewDeal" time="5.373" classname="com.testcases.HomePageTest"/>
  <testcase name="validatecreatenewContact" time="0.0" classname="com.testcases.HomePageTest">
    <ignored/>
  </testcase> <!-- validatecreatenewContact -->
  <testcase name="verifyContactInformationPageTest" time="0.0" classname="com.testcases.HomePageTest">
    <ignored/>
  </testcase> <!-- verifyContactInformationPageTest -->
  <testcase name="verifyContactInfoPageHeader" time="0.0" classname="com.testcases.HomePageTest">
    <ignored/>
  </testcase> <!-- verifyContactInfoPageHeader -->
  <testcase name="verifyContactsLinkTest" time="0.0" classname="com.testcases.HomePageTest">
    <ignored/>
  </testcase> <!-- verifyContactsLinkTest -->
  <testcase name="verifydealInfoPageHeader" time="0.0" classname="com.testcases.HomePageTest">
    <ignored/>
  </testcase> <!-- verifydealInfoPageHeader -->
  <testcase name="verifyClickonDealsLink" time="0.0" classname="com.testcases.HomePageTest">
    <ignored/>
  </testcase> <!-- verifyClickonDealsLink -->
  <testcase name="verifyHomePageTitleTest" time="0.0" classname="com.testcases.HomePageTest">
    <ignored/>
  </testcase> <!-- verifyHomePageTitleTest -->
  <testcase name="verifyUserNameTest" time="0.0" classname="com.testcases.HomePageTest">
    <ignored/>
  </testcase> <!-- verifyUserNameTest -->
</testsuite> <!-- Default test -->
