<?xml version="1.0" encoding="UTF-8"?>
<testng-results skipped="0" failed="0" ignored="19" total="20" passed="1">
  <reporter-output>
  </reporter-output>
  <suite name="Default suite" duration-ms="64753" started-at="2018-09-25T06:29:56Z" finished-at="2018-09-25T06:31:01Z">
    <groups>
    </groups>
    <test name="Default test" duration-ms="64753" started-at="2018-09-25T06:29:56Z" finished-at="2018-09-25T06:31:01Z">
      <class name="com.testcases.HomePageTest">
        <test-method status="PASS" signature="setUp()[pri:0, instance:com.testcases.HomePageTest@59ec2012]" name="setUp" is-config="true" duration-ms="61502" started-at="2018-09-25T06:29:56Z" finished-at="2018-09-25T06:30:57Z">
          <reporter-output>
          </reporter-output>
        </test-method> <!-- setUp -->
        <test-method status="PASS" signature="verifyQuestionSymbol()[pri:20, instance:com.testcases.HomePageTest@59ec2012]" name="verifyQuestionSymbol" duration-ms="2436" started-at="2018-09-25T06:30:57Z" finished-at="2018-09-25T06:31:00Z">
          <reporter-output>
          </reporter-output>
        </test-method> <!-- verifyQuestionSymbol -->
        <test-method status="PASS" signature="tearDown()[pri:0, instance:com.testcases.HomePageTest@59ec2012]" name="tearDown" is-config="true" duration-ms="779" started-at="2018-09-25T06:31:00Z" finished-at="2018-09-25T06:31:01Z">
          <reporter-output>
          </reporter-output>
        </test-method> <!-- tearDown -->
      </class> <!-- com.testcases.HomePageTest -->
    </test> <!-- Default test -->
  </suite> <!-- Default suite -->
</testng-results>
